{
  "stats": {
    "suites": 1,
    "tests": 4,
    "passes": 4,
    "pending": 0,
    "failures": 0,
    "start": "2023-07-05T05:43:43.308Z",
    "end": "2023-07-05T05:43:46.771Z",
    "duration": 3463,
    "testsRegistered": 4,
    "passPercent": 100,
    "pendingPercent": 0,
    "other": 0,
    "hasOther": false,
    "skipped": 0,
    "hasSkipped": false
  },
  "results": [
    {
      "uuid": "364828cc-fa4b-40f6-b127-e33e5eb68d61",
      "title": "",
      "fullFile": "/Users/dickirizki/Quality Assurance/Learning/SanberCode/API-Automation/test/suite/user.suite.js",
      "file": "/test/suite/user.suite.js",
      "beforeHooks": [],
      "afterHooks": [],
      "tests": [],
      "suites": [
        {
          "uuid": "a51b466b-5aa2-42d5-a0cb-df9b2e201d1d",
          "title": "CRUD User",
          "fullFile": "/Users/dickirizki/Quality Assurance/Learning/SanberCode/API-Automation/test/suite/user.suite.js",
          "file": "/test/suite/user.suite.js",
          "beforeHooks": [],
          "afterHooks": [],
          "tests": [
            {
              "title": "List User Kasir Aja",
              "fullTitle": "CRUD User List User Kasir Aja",
              "timedOut": false,
              "duration": 1902,
              "state": "passed",
              "speed": "slow",
              "pass": true,
              "fail": false,
              "pending": false,
              "context": null,
              "code": "const reqBody = {\n  email: 'admin@tokoomdikjaya.com',\n  password: 'Omdik12345'\n};\nconst login = await request.post('authentications').send(reqBody);\nconst response = await request.get('users').set('Authorization', ``);\n// console.log(await response.body.data.users);  \nconsole.log(await response.body);  \n// Assert\n// Positive\n// expect(await response.body.status).to.equal(\"success\");\n// expect(await response.body.data.users.length).to.equal(7);\n// Negative\n// expect(await response.body.statusCode).to.equal(401);\n// expect(await response.body.message).to.equal(\"Missing authentication\");",
              "err": {},
              "uuid": "f499640f-aabe-4ffa-932c-681aa0eb46e9",
              "parentUUID": "a51b466b-5aa2-42d5-a0cb-df9b2e201d1d",
              "isHook": false,
              "skipped": false
            },
            {
              "title": "Tambah User Kasir Aja",
              "fullTitle": "CRUD User Tambah User Kasir Aja",
              "timedOut": false,
              "duration": 593,
              "state": "passed",
              "speed": "slow",
              "pass": true,
              "fail": false,
              "pending": false,
              "context": null,
              "code": "const loginData = {\n  email: 'admin@tokoomdikjaya.com',\n  password: 'Omdik12345'\n};\nconst dataUser = {\n  name: 'Dicki-cukup6',\n  email: '',\n  password: 'Omdik12345'\n};\nconst login = await request.post('authentications').send(loginData);\nconst response = await request.post('users').set('Authorization', `Bearer ${login.body.data.accessToken}`).send(dataUser);\n// console.log(await response.body.data.users);  \n// console.log(await response.body);  \n// Assert\n// Positive\n// expect(await response.body.status).to.equal(\"success\");\n// expect(await response.body.data.name).to.equal(\"Dicki-Cukup 4\");\n// negative \n// expect(await response.body.status).to.equal(\"fail\");\n// expect(await response.body.message).to.contains(\"name is not allowed to be empty\");\n// expect(await response.body.message).to.contains(\"email is not allowed to be empty\");",
              "err": {},
              "uuid": "44f52354-0113-452e-a544-b470e269b25e",
              "parentUUID": "a51b466b-5aa2-42d5-a0cb-df9b2e201d1d",
              "isHook": false,
              "skipped": false
            },
            {
              "title": "Edit User Kasir Aja",
              "fullTitle": "CRUD User Edit User Kasir Aja",
              "timedOut": false,
              "duration": 481,
              "state": "passed",
              "speed": "slow",
              "pass": true,
              "fail": false,
              "pending": false,
              "context": null,
              "code": "const loginData = {\n  email: 'admin@tokoomdikjaya.com',\n  password: 'Omdik12345'\n};\nconst dataUser = {\n  name: 'update-name',\n  email: 'updateemail@tokoomdikjaya.com',\n};\nconst login = await request.post('authentications').send(loginData);\nconst response = await request.put('users/2a8b6dda-f7a2-4b60-8c81-07de9f6472b5').set('Authorization', `Bearer ${login.body.data.accessToken}`).send(dataUser);\nconsole.log(await response.body.data.users);  \nconsole.log(await response.body);  \n// Assert\n// expect(await response.body.status).to.equal(\"success\");\n// expect(await response.body.data.name).to.equal(\"Dicki-Cukup3\");\n// Negative\n// expect(await response.body.status).to.equal(\"fail\");\n// expect(await response.body.message).to.contains('\"name\" is not allowed to be empty');\n// expect(await response.body.message).to.contains(\"email is not allowed to be empty\");",
              "err": {},
              "uuid": "1d0d6165-22d2-4e32-8466-56faab36297d",
              "parentUUID": "a51b466b-5aa2-42d5-a0cb-df9b2e201d1d",
              "isHook": false,
              "skipped": false
            },
            {
              "title": "Delete User Kasir Aja",
              "fullTitle": "CRUD User Delete User Kasir Aja",
              "timedOut": false,
              "duration": 479,
              "state": "passed",
              "speed": "slow",
              "pass": true,
              "fail": false,
              "pending": false,
              "context": null,
              "code": "const loginData = {\n  email: 'admin@tokoomdikjaya.com',\n  password: 'Omdik12345'\n};\nconst login = await request.post('authentications').send(loginData);\nconst response = await request.del('users/{}').set('Authorization', `Bearer ${login.body.data.accessToken}`);\nconsole.log(await response.body);  \n// Assert\n// Positive\n// expect(await response.body.status).to.equal(\"success\");\n// expect(await response.body.data.name).to.equal(\"Dicki-Cukup3\");\n// Negative\n// expect(await response.body.message).to.equal(\"id tidak valid\");",
              "err": {},
              "uuid": "d189a4f5-82d1-4027-aeaf-7bd8bb98989c",
              "parentUUID": "a51b466b-5aa2-42d5-a0cb-df9b2e201d1d",
              "isHook": false,
              "skipped": false
            }
          ],
          "suites": [],
          "passes": [
            "f499640f-aabe-4ffa-932c-681aa0eb46e9",
            "44f52354-0113-452e-a544-b470e269b25e",
            "1d0d6165-22d2-4e32-8466-56faab36297d",
            "d189a4f5-82d1-4027-aeaf-7bd8bb98989c"
          ],
          "failures": [],
          "pending": [],
          "skipped": [],
          "duration": 3455,
          "root": false,
          "rootEmpty": false,
          "_timeout": 2000
        }
      ],
      "passes": [],
      "failures": [],
      "pending": [],
      "skipped": [],
      "duration": 0,
      "root": true,
      "rootEmpty": true,
      "_timeout": 2000
    }
  ],
  "meta": {
    "mocha": {
      "version": "10.2.0"
    },
    "mochawesome": {
      "options": {
        "quiet": false,
        "reportFilename": "mochawesome",
        "saveHtml": true,
        "saveJson": true,
        "consoleReporter": "spec",
        "useInlineDiffs": false,
        "code": true
      },
      "version": "7.1.3"
    },
    "marge": {
      "options": null,
      "version": "6.2.0"
    }
  }
}